[  233666ms] [WARNING] %c%s%c ⚠ Unsupported metadata viewport is configured in metadata export in /. Please move it to viewport export instead.
Read more: https://nextjs.org/docs/app/api-reference/functions/generate-viewport background: #e6e6e6;background: light-dark(rgba(0,0,0,0.1), rgba(255,255,255,0.25));color: #000000;color: light-dark(#000000, #ffffff);border-radius: 2px  Server   @ http://localhost:3002/_next/static/chunks/node_modules_next_dist_f3530cac._.js:2297
[  233823ms] [WARNING] %c%s%c ⚠ Unsupported metadata viewport is configured in metadata export in /login. Please move it to viewport export instead.
Read more: https://nextjs.org/docs/app/api-reference/functions/generate-viewport background: #e6e6e6;background: light-dark(rgba(0,0,0,0.1), rgba(255,255,255,0.25));color: #000000;color: light-dark(#000000, #ffffff);border-radius: 2px  Server   @ http://localhost:3002/_next/static/chunks/node_modules_next_dist_f3530cac._.js:2297
[  257585ms] [ERROR] WebSocket connection to 'ws://localhost:3002/_next/webpack-hmr?id=vlu19T9tJnvwfknWRZcpg' failed: Error in connection establishment: net::ERR_CONNECTION_REFUSED @ http://localhost:3002/_next/static/chunks/node_modules_next_dist_client_17643121._.js:10878
[  258587ms] [ERROR] WebSocket connection to 'ws://localhost:3002/_next/webpack-hmr?id=vlu19T9tJnvwfknWRZcpg' failed: Error in connection establishment: net::ERR_CONNECTION_REFUSED @ http://localhost:3002/_next/static/chunks/node_modules_next_dist_client_17643121._.js:10878
[  259593ms] [ERROR] WebSocket connection to 'ws://localhost:3002/_next/webpack-hmr?id=vlu19T9tJnvwfknWRZcpg' failed: Error in connection establishment: net::ERR_CONNECTION_REFUSED @ http://localhost:3002/_next/static/chunks/node_modules_next_dist_client_17643121._.js:10878
[  281513ms] [WARNING] %c%s%c ⚠ Unsupported metadata viewport is configured in metadata export in /. Please move it to viewport export instead.
Read more: https://nextjs.org/docs/app/api-reference/functions/generate-viewport background: #e6e6e6;background: light-dark(rgba(0,0,0,0.1), rgba(255,255,255,0.25));color: #000000;color: light-dark(#000000, #ffffff);border-radius: 2px  Server   @ http://localhost:3000/_next/static/chunks/node_modules_next_dist_f3530cac._.js:2297
[  281591ms] [WARNING] %c%s%c ⚠ Unsupported metadata viewport is configured in metadata export in /login. Please move it to viewport export instead.
Read more: https://nextjs.org/docs/app/api-reference/functions/generate-viewport background: #e6e6e6;background: light-dark(rgba(0,0,0,0.1), rgba(255,255,255,0.25));color: #000000;color: light-dark(#000000, #ffffff);border-radius: 2px  Server   @ http://localhost:3000/_next/static/chunks/node_modules_next_dist_f3530cac._.js:2297
[  290647ms] [WARNING] %c%s%c ⚠ Unsupported metadata viewport is configured in metadata export in /login. Please move it to viewport export instead.
Read more: https://nextjs.org/docs/app/api-reference/functions/generate-viewport background: #e6e6e6;background: light-dark(rgba(0,0,0,0.1), rgba(255,255,255,0.25));color: #000000;color: light-dark(#000000, #ffffff);border-radius: 2px  Server   @ http://localhost:3000/_next/static/chunks/node_modules_next_dist_f3530cac._.js:2297
[  333643ms] [WARNING] %c%s%c ⚠ Unsupported metadata viewport is configured in metadata export in /login. Please move it to viewport export instead.
Read more: https://nextjs.org/docs/app/api-reference/functions/generate-viewport background: #e6e6e6;background: light-dark(rgba(0,0,0,0.1), rgba(255,255,255,0.25));color: #000000;color: light-dark(#000000, #ffffff);border-radius: 2px  Server   @ http://localhost:3000/_next/static/chunks/node_modules_next_dist_f3530cac._.js:2297
[  334312ms] [WARNING] %c%s%c ⚠ Unsupported metadata viewport is configured in metadata export in /login. Please move it to viewport export instead.
Read more: https://nextjs.org/docs/app/api-reference/functions/generate-viewport background: #e6e6e6;background: light-dark(rgba(0,0,0,0.1), rgba(255,255,255,0.25));color: #000000;color: light-dark(#000000, #ffffff);border-radius: 2px  Server   @ http://localhost:3000/_next/static/chunks/node_modules_next_dist_f3530cac._.js:2297
[  334483ms] [WARNING] %c%s%c ⚠ Unsupported metadata viewport is configured in metadata export in /login. Please move it to viewport export instead.
Read more: https://nextjs.org/docs/app/api-reference/functions/generate-viewport background: #e6e6e6;background: light-dark(rgba(0,0,0,0.1), rgba(255,255,255,0.25));color: #000000;color: light-dark(#000000, #ffffff);border-radius: 2px  Server   @ http://localhost:3000/_next/static/chunks/node_modules_next_dist_f3530cac._.js:2297
[  334704ms] [WARNING] %c%s%c ⚠ Unsupported metadata viewport is configured in metadata export in /login. Please move it to viewport export instead.
Read more: https://nextjs.org/docs/app/api-reference/functions/generate-viewport background: #e6e6e6;background: light-dark(rgba(0,0,0,0.1), rgba(255,255,255,0.25));color: #000000;color: light-dark(#000000, #ffffff);border-radius: 2px  Server   @ http://localhost:3000/_next/static/chunks/node_modules_next_dist_f3530cac._.js:2297
[  335495ms] [WARNING] %c%s%c ⚠ Unsupported metadata viewport is configured in metadata export in /login. Please move it to viewport export instead.
Read more: https://nextjs.org/docs/app/api-reference/functions/generate-viewport background: #e6e6e6;background: light-dark(rgba(0,0,0,0.1), rgba(255,255,255,0.25));color: #000000;color: light-dark(#000000, #ffffff);border-radius: 2px  Server   @ http://localhost:3000/_next/static/chunks/node_modules_next_dist_f3530cac._.js:2297
[  335731ms] [WARNING] %c%s%c ⚠ Unsupported metadata viewport is configured in metadata export in /login. Please move it to viewport export instead.
Read more: https://nextjs.org/docs/app/api-reference/functions/generate-viewport background: #e6e6e6;background: light-dark(rgba(0,0,0,0.1), rgba(255,255,255,0.25));color: #000000;color: light-dark(#000000, #ffffff);border-radius: 2px  Server   @ http://localhost:3000/_next/static/chunks/node_modules_next_dist_f3530cac._.js:2297
[  335978ms] [WARNING] %c%s%c ⚠ Unsupported metadata viewport is configured in metadata export in /login. Please move it to viewport export instead.
Read more: https://nextjs.org/docs/app/api-reference/functions/generate-viewport background: #e6e6e6;background: light-dark(rgba(0,0,0,0.1), rgba(255,255,255,0.25));color: #000000;color: light-dark(#000000, #ffffff);border-radius: 2px  Server   @ http://localhost:3000/_next/static/chunks/node_modules_next_dist_f3530cac._.js:2297
[  379766ms] [ERROR] WebSocket connection to 'ws://localhost:3000/_next/webpack-hmr?id=MTMrvSiYE7LEToChOnqM-' failed: Error in connection establishment: net::ERR_CONNECTION_REFUSED @ http://localhost:3000/_next/static/chunks/node_modules_next_dist_client_17643121._.js:10878
[  380768ms] [ERROR] WebSocket connection to 'ws://localhost:3000/_next/webpack-hmr?id=MTMrvSiYE7LEToChOnqM-' failed: Error in connection establishment: net::ERR_CONNECTION_REFUSED @ http://localhost:3000/_next/static/chunks/node_modules_next_dist_client_17643121._.js:10878
[  381772ms] [ERROR] WebSocket connection to 'ws://localhost:3000/_next/webpack-hmr?id=MTMrvSiYE7LEToChOnqM-' failed: Error in connection establishment: net::ERR_CONNECTION_REFUSED @ http://localhost:3000/_next/static/chunks/node_modules_next_dist_client_17643121._.js:10878
[  382775ms] [ERROR] WebSocket connection to 'ws://localhost:3000/_next/webpack-hmr?id=MTMrvSiYE7LEToChOnqM-' failed: Error in connection establishment: net::ERR_CONNECTION_REFUSED @ http://localhost:3000/_next/static/chunks/node_modules_next_dist_client_17643121._.js:10878
[  383778ms] [ERROR] WebSocket connection to 'ws://localhost:3000/_next/webpack-hmr?id=MTMrvSiYE7LEToChOnqM-' failed: Error in connection establishment: net::ERR_CONNECTION_REFUSED @ http://localhost:3000/_next/static/chunks/node_modules_next_dist_client_17643121._.js:10878
[  388783ms] [ERROR] WebSocket connection to 'ws://localhost:3000/_next/webpack-hmr?id=MTMrvSiYE7LEToChOnqM-' failed: Error in connection establishment: net::ERR_CONNECTION_REFUSED @ http://localhost:3000/_next/static/chunks/node_modules_next_dist_client_17643121._.js:10878
[  393788ms] [ERROR] WebSocket connection to 'ws://localhost:3000/_next/webpack-hmr?id=MTMrvSiYE7LEToChOnqM-' failed: Error in connection establishment: net::ERR_CONNECTION_REFUSED @ http://localhost:3000/_next/static/chunks/node_modules_next_dist_client_17643121._.js:10878
[  398795ms] [ERROR] WebSocket connection to 'ws://localhost:3000/_next/webpack-hmr?id=MTMrvSiYE7LEToChOnqM-' failed: Error in connection establishment: net::ERR_CONNECTION_REFUSED @ http://localhost:3000/_next/static/chunks/node_modules_next_dist_client_17643121._.js:10878
[  403799ms] [ERROR] WebSocket connection to 'ws://localhost:3000/_next/webpack-hmr?id=MTMrvSiYE7LEToChOnqM-' failed: Error in connection establishment: net::ERR_CONNECTION_REFUSED @ http://localhost:3000/_next/static/chunks/node_modules_next_dist_client_17643121._.js:10878
[  408803ms] [ERROR] WebSocket connection to 'ws://localhost:3000/_next/webpack-hmr?id=MTMrvSiYE7LEToChOnqM-' failed: Error in connection establishment: net::ERR_CONNECTION_REFUSED @ http://localhost:3000/_next/static/chunks/node_modules_next_dist_client_17643121._.js:10878
[  413806ms] [ERROR] WebSocket connection to 'ws://localhost:3000/_next/webpack-hmr?id=MTMrvSiYE7LEToChOnqM-' failed: Error in connection establishment: net::ERR_CONNECTION_REFUSED @ http://localhost:3000/_next/static/chunks/node_modules_next_dist_client_17643121._.js:10878
[  418808ms] [ERROR] WebSocket connection to 'ws://localhost:3000/_next/webpack-hmr?id=MTMrvSiYE7LEToChOnqM-' failed: Error in connection establishment: net::ERR_CONNECTION_REFUSED @ http://localhost:3000/_next/static/chunks/node_modules_next_dist_client_17643121._.js:10878
[  525013ms] [ERROR] Failed to load resource: the server responded with a status of 429 () @ https://www.google.com/sorry/index?continue=https://www.google.com/search%3Fq%3Dhttp%253A%252F%252Flocalhost%253A3005.%26rlz%3D1C5CHFA_enVN1162VN1162%26oq%3Dhttp%253A%252F%252Flocalhost%253A3005.%26gs_lcrp%3DEgZjaHJvbWUyBggAEEUYOdIBBzMzOWowajSoAgCwAgE%26sourceid%3Dchrome%26ie%3DUTF-8%26sei%3Den-NabnWAp2X4-EPpOWHuA4&q=EgR0bivyGPr-tcwGIjBFhxvQuwqHHZNmE62_Z5EWRGO0OZo6Z1_eqouVDNWlDngvsdjF0VHwh9jCQaBmBP0yAVJaAUM:0
[  525776ms] [WARNING] An iframe which has both allow-scripts and allow-same-origin for its sandbox attribute can escape its sandboxing. @ https://www.google.com/recaptcha/enterprise/anchor?ar=1&k=6LdLLIMbAAAAAIl-KLj9p1ePhM-4LCCDbjtJLqRO&co=aHR0cHM6Ly93d3cuZ29vZ2xlLmNvbTo0NDM.&hl=en&v=vUgXt_KV952_-5BB2jjloYzl&size=normal&s=Ix4kzAOJXrmmfakfV81wpXf31yaWwB5SEuzjY27Q92x0fiEfHP4siHMuNA7FnuTw6laF1j8x46bN0gFzLfe5aNyy9mrR3JoCkvLfPO1U7gYivNuDiDy0TpfxIqxTLJKswmKI64o5CGzoi8AxZkuzH3RfCViXdRU6x1nrTyQ4zas2BJDFaES8xXGxBN0-4zowTsKQYX2nbGgjZSdiHdo2J4yNECEA4sqFuD5ZDkUHj1bSEsweqbtwr2DyIC4IQ8AC89IDZRTLWvxc9R-HWOlXuyOSuWE2MHs&anchor-ms=20000&execute-ms=30000&cb=whc5s6c9k84s:0
[  526877ms] [WARNING] An iframe which has both allow-scripts and allow-same-origin for its sandbox attribute can escape its sandboxing. @ https://www.google.com/recaptcha/enterprise/bframe?hl=en&v=vUgXt_KV952_-5BB2jjloYzl&k=6LdLLIMbAAAAAIl-KLj9p1ePhM-4LCCDbjtJLqRO&bft=0dAFcWeA6ct_Jq4y8btNwYIHpsYHrV1TvfS818OsenoVaunX2t_VO5lINjQQKsvuMcft-Z3pyZEmdWP8PbEIw9rL6SlKnELa6s3w:0
